<?xml version="1.0" encoding="utf-8"?><testsuites name="pytest tests"><testsuite name="pytest" errors="0" failures="1" skipped="0" tests="6" time="3.566" timestamp="2026-04-22T04:28:58.831173+00:00" hostname="agent-env-13ffd1a6-bffe-4546-827e-d90700a636a7"><testcase classname="backend.tests.test_ai_automation_generator.TestAiAutomationGenerator" name="test_requires_auth" time="0.181" /><testcase classname="backend.tests.test_ai_automation_generator.TestAiAutomationGenerator" name="test_invalid_file_type_returns_400" time="0.489" /><testcase classname="backend.tests.test_ai_automation_generator.TestAiAutomationGenerator" name="test_more_than_one_video_returns_400" time="0.116" /><testcase classname="backend.tests.test_ai_automation_generator.TestAiAutomationGenerator" name="test_happy_path_with_png_returns_steps" time="1.875"><failure message="Failed: Gemini call did not return ok: {'status': 'failed', 'error': 'AI call failed: Failed to generate chat completion: litellm.BadRequestError: OpenAIException - Budget has been exceeded! Current cost: 0.0525175, Max budget: 0.001'}">backend/tests/test_ai_automation_generator.py:113: in test_happy_path_with_png_returns_steps
    pytest.fail(f"Gemini call did not return ok: {data}")
E   Failed: Gemini call did not return ok: {'status': 'failed', 'error': 'AI call failed: Failed to generate chat completion: litellm.BadRequestError: OpenAIException - Budget has been exceeded! Current cost: 0.0525175, Max budget: 0.001'}</failure></testcase><testcase classname="backend.tests.test_ai_automation_generator.TestJobsSelfHealField" name="test_jobs_accepts_self_heal_true" time="0.340" /><testcase classname="backend.tests.test_ai_automation_generator.TestJobsSelfHealField" name="test_jobs_accepts_self_heal_false" time="0.464" /></testsuite></testsuites>