<?xml version="1.0" encoding="utf-8"?><testsuites name="pytest tests"><testsuite name="pytest" errors="0" failures="0" skipped="0" tests="19" time="4.156" timestamp="2026-04-23T12:45:10.673689+00:00" hostname="agent-env-2929d10e-eafc-4fbc-9c63-9c2f87520689"><testcase classname="tests.test_iteration10_rut_thankyou_and_target_mode.TestIsThankYouPage" name="test_same_host_form_text_false" time="0.020" /><testcase classname="tests.test_iteration10_rut_thankyou_and_target_mode.TestIsThankYouPage" name="test_different_host_thankyou_text_true" time="0.000" /><testcase classname="tests.test_iteration10_rut_thankyou_and_target_mode.TestIsThankYouPage" name="test_same_host_only_text_false" time="0.001" /><testcase classname="tests.test_iteration10_rut_thankyou_and_target_mode.TestIsThankYouPage" name="test_all_three_signals_true" time="0.000" /><testcase classname="tests.test_iteration10_rut_thankyou_and_target_mode.TestIsThankYouPage" name="test_same_host_url_keyword_plus_text_true" time="0.001" /><testcase classname="tests.test_iteration10_rut_thankyou_and_target_mode.TestIsThankYouPage" name="test_empty_page_false" time="0.000" /><testcase classname="tests.test_iteration10_rut_thankyou_and_target_mode.TestIsThankYouPage" name="test_stimulus_thnkspg_flow_true" time="0.001" /><testcase classname="tests.test_iteration10_rut_thankyou_and_target_mode.TestIsThankYouPage" name="test_form_negative_overrides_two_signals" time="0.001" /><testcase classname="tests.test_iteration10_rut_thankyou_and_target_mode.TestLegacyHelperKept" name="test_did_reach_conversion_still_exists" time="0.000" /><testcase classname="tests.test_iteration10_rut_thankyou_and_target_mode.TestRunJobSignature" name="test_run_job_has_new_kwargs" time="0.001" /><testcase classname="tests.test_iteration10_rut_thankyou_and_target_mode.TestRutCreateJobValidation" name="test_invalid_target_mode_400" time="1.443" /><testcase classname="tests.test_iteration10_rut_thankyou_and_target_mode.TestRutCreateJobValidation" name="test_conversions_mode_without_target_conversions_400" time="0.089" /><testcase classname="tests.test_iteration10_rut_thankyou_and_target_mode.TestRutCreateJobValidation" name="test_max_attempts_less_than_target_conversions_400" time="0.091" /><testcase classname="tests.test_iteration10_rut_thankyou_and_target_mode.TestRutCreateJobValidation" name="test_target_conversions_out_of_range_400" time="0.084" /><testcase classname="tests.test_iteration10_rut_thankyou_and_target_mode.TestRutCreateJobValidation" name="test_clicks_mode_default_response_fields" time="0.851" /><testcase classname="tests.test_iteration10_rut_thankyou_and_target_mode.TestRutCreateJobValidation" name="test_conversions_mode_job_fields_and_rut_jobs" time="1.058" /><testcase classname="tests.test_iteration10_rut_thankyou_and_target_mode.TestDispatcherCodeInspection" name="test_conversions_dispatcher_present" time="0.001" /><testcase classname="tests.test_iteration10_rut_thankyou_and_target_mode.TestDispatcherCodeInspection" name="test_cancel_event_in_worker_loop" time="0.000" /><testcase classname="tests.test_iteration10_rut_thankyou_and_target_mode.TestDispatcherCodeInspection" name="test_rut_jobs_init_fields" time="0.000" /></testsuite></testsuites>