<?xml version="1.0" encoding="utf-8"?><testsuites name="pytest tests"><testsuite name="pytest" errors="0" failures="0" skipped="0" tests="27" time="3.202" timestamp="2026-04-22T09:54:46.011379+00:00" hostname="agent-env-79f453d2-3e09-435c-ad59-31e0ea336fcc"><testcase classname="tests.test_iteration6_screenshot.TestSetup" name="test_admin_login" time="0.220" /><testcase classname="tests.test_iteration6_screenshot.TestSetup" name="test_register_user_a" time="0.475" /><testcase classname="tests.test_iteration6_screenshot.TestSetup" name="test_register_user_b" time="0.445" /><testcase classname="tests.test_iteration6_screenshot.TestSetup" name="test_activate_users" time="0.099" /><testcase classname="tests.test_iteration6_screenshot.TestSetup" name="test_login_user_a" time="0.269" /><testcase classname="tests.test_iteration6_screenshot.TestSetup" name="test_login_user_b" time="0.269" /><testcase classname="tests.test_iteration6_screenshot.TestSetup" name="test_create_link_for_user_a" time="0.050" /><testcase classname="tests.test_iteration6_screenshot.TestLiveStepShape" name="test_create_in_memory_job" time="0.188" /><testcase classname="tests.test_iteration6_screenshot.TestLiveStepShape" name="test_live_log_steps_have_screenshot_field" time="0.050" /><testcase classname="tests.test_iteration6_screenshot.TestLiveStepShape" name="test_stop_live_job" time="0.048" /><testcase classname="tests.test_iteration6_screenshot.TestLiveStepShape" name="test_cleanup_live_job" time="0.048" /><testcase classname="tests.test_iteration6_screenshot.TestSystemCheckRelaxed" name="test_overall_is_healthy_with_zero_hard_failures" time="0.086" /><testcase classname="tests.test_iteration6_screenshot.TestScreenshotEndpoint" name="test_no_token_returns_401" time="0.046" /><testcase classname="tests.test_iteration6_screenshot.TestScreenshotEndpoint" name="test_header_token_fake_job_returns_404" time="0.049" /><testcase classname="tests.test_iteration6_screenshot.TestScreenshotEndpoint" name="test_query_param_token_fake_job_returns_404" time="0.048" /><testcase classname="tests.test_iteration6_screenshot.TestScreenshotEndpoint" name="test_query_param_invalid_token_returns_401" time="0.046" /><testcase classname="tests.test_iteration6_screenshot.TestScreenshotEndpoint" name="test_seed_real_job_doc_and_png" time="0.005" /><testcase classname="tests.test_iteration6_screenshot.TestScreenshotEndpoint" name="test_path_traversal_rejected_400" time="0.048" /><testcase classname="tests.test_iteration6_screenshot.TestScreenshotEndpoint" name="test_non_png_filename_rejected_400" time="0.053" /><testcase classname="tests.test_iteration6_screenshot.TestScreenshotEndpoint" name="test_other_user_gets_404_not_403" time="0.051" /><testcase classname="tests.test_iteration6_screenshot.TestScreenshotEndpoint" name="test_owner_header_real_png_returns_200_image_png" time="0.047" /><testcase classname="tests.test_iteration6_screenshot.TestScreenshotEndpoint" name="test_owner_query_token_real_png_returns_200" time="0.046" /><testcase classname="tests.test_iteration6_screenshot.TestScreenshotEndpoint" name="test_owner_real_job_missing_png_returns_404" time="0.048" /><testcase classname="tests.test_iteration6_screenshot.TestScreenshotEndpoint" name="test_cleanup_real_job_doc_and_png" time="0.004" /><testcase classname="tests.test_iteration6_screenshot.TestCleanup" name="test_delete_link" time="0.048" /><testcase classname="tests.test_iteration6_screenshot.TestCleanup" name="test_delete_user_a" time="0.071" /><testcase classname="tests.test_iteration6_screenshot.TestCleanup" name="test_delete_user_b" time="0.049" /></testsuite></testsuites>