<?xml version="1.0" encoding="utf-8"?><testsuites name="pytest tests"><testsuite name="pytest" errors="0" failures="0" skipped="0" tests="13" time="17.643" timestamp="2026-04-23T11:37:19.106635+00:00" hostname="agent-env-2929d10e-eafc-4fbc-9c63-9c2f87520689"><testcase classname="backend.tests.test_iteration8_rut_pending_leads.TestPendingLeadsEndpointAuth" name="test_no_auth_returns_401_or_403" time="0.149" /><testcase classname="backend.tests.test_iteration8_rut_pending_leads.TestPendingLeadsEndpointAuth" name="test_nonexistent_job_returns_404" time="1.220" /><testcase classname="backend.tests.test_iteration8_rut_pending_leads.TestExistingEndpointsRegression" name="test_download_zip_endpoint_no_auth" time="0.087" /><testcase classname="backend.tests.test_iteration8_rut_pending_leads.TestExistingEndpointsRegression" name="test_download_zip_nonexistent_job_404" time="0.083" /><testcase classname="backend.tests.test_iteration8_rut_pending_leads.TestExistingEndpointsRegression" name="test_create_job_accepts_existing_payload_shape" time="12.797" /><testcase classname="backend.tests.test_iteration8_rut_pending_leads.TestDetectValidationErrors" name="test_no_error_returns_false" time="0.970" /><testcase classname="backend.tests.test_iteration8_rut_pending_leads.TestDetectValidationErrors" name="test_error_class_returns_true" time="0.482" /><testcase classname="backend.tests.test_iteration8_rut_pending_leads.TestDetectValidationErrors" name="test_body_phrase_returns_true" time="0.535" /><testcase classname="backend.tests.test_iteration8_rut_pending_leads.TestPickNextRowLogic" name="test_pick_next_row_skips_consumed_and_invalid" time="0.000" /><testcase classname="backend.tests.test_iteration8_rut_pending_leads.TestRecordInvalidDataCounter" name="test_record_increments_invalid_data" time="0.001" /><testcase classname="backend.tests.test_iteration8_rut_pending_leads.TestPackagePartialIncludesPending" name="test_grep_package_function_references_pending_leads" time="0.003" /><testcase classname="backend.tests.test_iteration8_rut_pending_leads.TestAuthRegression" name="test_admin_login_still_works" time="0.100" /><testcase classname="backend.tests.test_iteration8_rut_pending_leads.TestAuthRegression" name="test_register_activate_login_flow" time="1.104" /></testsuite></testsuites>