<?xml version="1.0" encoding="utf-8"?><testsuites name="pytest tests"><testsuite name="pytest" errors="0" failures="0" skipped="2" tests="35" time="5.423" timestamp="2026-04-22T08:12:05.139449+00:00" hostname="agent-env-79f453d2-3e09-435c-ad59-31e0ea336fcc"><testcase classname="backend.tests.test_iteration2_smoke.TestHealth" name="test_health_local" time="0.025" /><testcase classname="backend.tests.test_iteration2_smoke.TestHealth" name="test_api_reachable" time="0.169" /><testcase classname="backend.tests.test_iteration2_smoke.TestAdminLogin" name="test_admin_login" time="0.048" /><testcase classname="backend.tests.test_iteration2_smoke.TestUserRegister" name="test_register" time="0.467" /><testcase classname="backend.tests.test_iteration2_smoke.TestAdminActivate" name="test_activate_user" time="0.048" /><testcase classname="backend.tests.test_iteration2_smoke.TestUserLogin" name="test_login" time="0.268" /><testcase classname="backend.tests.test_iteration2_smoke.TestLinksCRUD" name="test_create_link" time="0.047" /><testcase classname="backend.tests.test_iteration2_smoke.TestLinksCRUD" name="test_list_links" time="0.046" /><testcase classname="backend.tests.test_iteration2_smoke.TestLinksCRUD" name="test_update_link" time="0.096" /><testcase classname="backend.tests.test_iteration2_smoke.TestRedirect" name="test_redirect" time="1.718" /><testcase classname="backend.tests.test_iteration2_smoke.TestRedirect" name="test_clicks_recorded" time="0.047" /><testcase classname="backend.tests.test_iteration2_smoke.TestRedirect" name="test_dashboard_stats" time="0.053" /><testcase classname="backend.tests.test_iteration2_smoke.TestConversions" name="test_postback" time="0.045"><skipped type="pytest.xfail" message="BUG: /api/postback reads from main_db.clicks (line 7716) but /api/r/{short} writes clicks into the per-user database (user_db.clicks). As a result, postback can never find a click created by the redirect flow and returns 404 'Click not found'. Conversion tracking via postback is therefore broken for all users. Fix: look up click across user DBs (same pattern as duplicate-IP global search)." /></testcase><testcase classname="backend.tests.test_iteration2_smoke.TestConversions" name="test_list_conversions_endpoint_reachable" time="0.045" /><testcase classname="backend.tests.test_iteration2_smoke.TestConversions" name="test_postback_invalid_token" time="0.045" /><testcase classname="backend.tests.test_iteration2_smoke.TestProxies" name="test_create_proxies" time="0.060" /><testcase classname="backend.tests.test_iteration2_smoke.TestProxies" name="test_list_proxies" time="0.049" /><testcase classname="backend.tests.test_iteration2_smoke.TestProxies" name="test_delete_proxy" time="0.047" /><testcase classname="backend.tests.test_iteration2_smoke.TestAdminAPIs" name="test_admin_users" time="0.048" /><testcase classname="backend.tests.test_iteration2_smoke.TestAdminAPIs" name="test_admin_stats" time="0.047" /><testcase classname="backend.tests.test_iteration2_smoke.TestAdminAPIs" name="test_get_branding" time="0.051" /><testcase classname="backend.tests.test_iteration2_smoke.TestAdminAPIs" name="test_put_branding" time="0.091" /><testcase classname="backend.tests.test_iteration2_smoke.TestAdminAPIs" name="test_admin_api_settings" time="0.044" /><testcase classname="backend.tests.test_iteration2_smoke.TestSubUsers" name="test_create_sub_user" time="0.269" /><testcase classname="backend.tests.test_iteration2_smoke.TestSubUsers" name="test_list_sub_users" time="0.044" /><testcase classname="backend.tests.test_iteration2_smoke.TestSubUsers" name="test_sub_user_login_via_auth" time="0.267" /><testcase classname="backend.tests.test_iteration2_smoke.TestProfile" name="test_update_profile_name_and_password" time="0.755" /><testcase classname="backend.tests.test_iteration2_smoke.TestUtilities" name="test_referrer_stats" time="0.046" /><testcase classname="backend.tests.test_iteration2_smoke.TestUtilities" name="test_ua_generator" time="0.044" /><testcase classname="backend.tests.test_iteration2_smoke.TestUtilities" name="test_email_checker_missing" time="0.044"><skipped type="pytest.skip" message="/api/email-checker not implemented (expected per review note)">/app/backend/tests/test_iteration2_smoke.py:395: /api/email-checker not implemented (expected per review note)</skipped></testcase><testcase classname="backend.tests.test_iteration2_smoke.TestJobListEndpoints" name="test_form_filler_jobs_list" time="0.047" /><testcase classname="backend.tests.test_iteration2_smoke.TestJobListEndpoints" name="test_real_user_traffic_jobs_list" time="0.052" /><testcase classname="backend.tests.test_iteration2_smoke.TestCleanup" name="test_delete_link" time="0.044" /><testcase classname="backend.tests.test_iteration2_smoke.TestCleanup" name="test_admin_delete_user" time="0.053" /><testcase classname="backend.tests.test_iteration2_smoke.TestCleanup" name="test_restore_branding" time="0.045" /></testsuite></testsuites>