<?xml version="1.0" encoding="utf-8"?><testsuites name="pytest tests"><testsuite name="pytest" errors="0" failures="1" skipped="0" tests="32" time="4.506" timestamp="2026-04-23T11:58:37.815401+00:00" hostname="agent-env-2929d10e-eafc-4fbc-9c63-9c2f87520689"><testcase classname="backend.tests.test_iteration9_rut_pending_and_state_match.TestNormalizeState" name="test_lower_code" time="1.661" /><testcase classname="backend.tests.test_iteration9_rut_pending_and_state_match.TestNormalizeState" name="test_upper_code" time="0.000" /><testcase classname="backend.tests.test_iteration9_rut_pending_and_state_match.TestNormalizeState" name="test_full_name_mixed_case" time="0.000" /><testcase classname="backend.tests.test_iteration9_rut_pending_and_state_match.TestNormalizeState" name="test_full_name_all_lower" time="0.000" /><testcase classname="backend.tests.test_iteration9_rut_pending_and_state_match.TestNormalizeState" name="test_full_name_all_upper" time="0.000" /><testcase classname="backend.tests.test_iteration9_rut_pending_and_state_match.TestNormalizeState" name="test_trailing_whitespace" time="0.000" /><testcase classname="backend.tests.test_iteration9_rut_pending_and_state_match.TestNormalizeState" name="test_unknown_returns_empty" time="0.000" /><testcase classname="backend.tests.test_iteration9_rut_pending_and_state_match.TestNormalizeState" name="test_empty_returns_empty" time="0.000" /><testcase classname="backend.tests.test_iteration9_rut_pending_and_state_match.TestNormalizeState" name="test_none_returns_empty" time="0.000" /><testcase classname="backend.tests.test_iteration9_rut_pending_and_state_match.TestNormalizeState" name="test_with_country_suffix" time="0.000" /><testcase classname="backend.tests.test_iteration9_rut_pending_and_state_match.TestNormalizeState" name="test_code_with_paren_name" time="0.000"><failure message="AssertionError: assert '' == 'NJ'&#10;  &#10;  - NJ">backend/tests/test_iteration9_rut_pending_and_state_match.py:224: in test_code_with_paren_name
    assert _normalize_state("NJ (New Jersey)") == "NJ"
E   AssertionError: assert '' == 'NJ'
E     
E     - NJ</failure></testcase><testcase classname="backend.tests.test_iteration9_rut_pending_and_state_match.TestFindStateColumn" name="test_lowercase_state" time="0.000" /><testcase classname="backend.tests.test_iteration9_rut_pending_and_state_match.TestFindStateColumn" name="test_title_case_State" time="0.000" /><testcase classname="backend.tests.test_iteration9_rut_pending_and_state_match.TestFindStateColumn" name="test_upper_STATE" time="0.000" /><testcase classname="backend.tests.test_iteration9_rut_pending_and_state_match.TestFindStateColumn" name="test_state_code" time="0.000" /><testcase classname="backend.tests.test_iteration9_rut_pending_and_state_match.TestFindStateColumn" name="test_region" time="0.000" /><testcase classname="backend.tests.test_iteration9_rut_pending_and_state_match.TestFindStateColumn" name="test_missing_column_returns_none" time="0.000" /><testcase classname="backend.tests.test_iteration9_rut_pending_and_state_match.TestFindStateColumn" name="test_empty_rows_returns_none" time="0.000" /><testcase classname="backend.tests.test_iteration9_rut_pending_and_state_match.TestProbeProxyGeoRegionName" name="test_region_name_in_default_result_source" time="0.000" /><testcase classname="backend.tests.test_iteration9_rut_pending_and_state_match.TestSkippedStateMismatchCounter" name="test_counter_key_present_in_source" time="0.000" /><testcase classname="backend.tests.test_iteration9_rut_pending_and_state_match.TestPendingCandidatesEndpoint" name="test_no_auth_returns_401_or_403" time="0.091" /><testcase classname="backend.tests.test_iteration9_rut_pending_and_state_match.TestPendingCandidatesEndpoint" name="test_fresh_user_returns_empty_list" time="1.144" /><testcase classname="backend.tests.test_iteration9_rut_pending_and_state_match.TestPendingCandidatesEndpoint" name="test_returns_item_shape_after_seed" time="0.211" /><testcase classname="backend.tests.test_iteration9_rut_pending_and_state_match.TestPendingCandidatesEndpoint" name="test_results_sorted_desc_by_created_at_and_capped_at_25" time="0.282" /><testcase classname="backend.tests.test_iteration9_rut_pending_and_state_match.TestCreateJobFromPending" name="test_400_when_pending_from_job_but_no_source_id" time="0.172" /><testcase classname="backend.tests.test_iteration9_rut_pending_and_state_match.TestCreateJobFromPending" name="test_404_when_source_job_not_found" time="0.083" /><testcase classname="backend.tests.test_iteration9_rut_pending_and_state_match.TestCreateJobFromPending" name="test_404_when_pending_file_missing_on_disk" time="0.108" /><testcase classname="backend.tests.test_iteration9_rut_pending_and_state_match.TestCreateJobFromPending" name="test_200_when_seeded_source_and_file_present" time="0.165" /><testcase classname="backend.tests.test_iteration9_rut_pending_and_state_match.TestStateMatchFormField" name="test_state_match_enabled_echoed" time="0.150" /><testcase classname="backend.tests.test_iteration9_rut_pending_and_state_match.TestRegressionSmoke" name="test_admin_login_works" time="0.087" /><testcase classname="backend.tests.test_iteration9_rut_pending_and_state_match.TestRegressionSmoke" name="test_existing_get_jobs_endpoint" time="0.086" /><testcase classname="backend.tests.test_iteration9_rut_pending_and_state_match.TestRegressionSmoke" name="test_pending_leads_endpoint_404_for_missing_job" time="0.089" /></testsuite></testsuites>