<?xml version="1.0" encoding="utf-8"?><testsuites name="pytest tests"><testsuite name="pytest" errors="0" failures="0" skipped="0" tests="11" time="7.059" timestamp="2026-04-25T02:03:43.562232+00:00" hostname="agent-env-0beb0b98-45c4-4fba-bffc-8d5935fe78ff"><testcase classname="tests.test_iteration13_rut_click_logging_and_force_tracker.TestAuthSanity" name="test_admin_login_succeeds" time="0.141" /><testcase classname="tests.test_iteration13_rut_click_logging_and_force_tracker.TestAuthSanity" name="test_me_returns_expected_admin_user_id" time="0.050" /><testcase classname="tests.test_iteration13_rut_click_logging_and_force_tracker.TestClickStorageDbName" name="test_expected_per_user_db_has_clicks" time="0.053" /><testcase classname="tests.test_iteration13_rut_click_logging_and_force_tracker.TestClickStorageDbName" name="test_clicks_are_rut_sourced" time="0.004" /><testcase classname="tests.test_iteration13_rut_click_logging_and_force_tracker.TestClickStorageDbName" name="test_no_orphaned_full_uuid_db" time="0.003" /><testcase classname="tests.test_iteration13_rut_click_logging_and_force_tracker.TestDashboardAndClicksApi" name="test_dashboard_stats_shows_migrated_clicks" time="0.063" /><testcase classname="tests.test_iteration13_rut_click_logging_and_force_tracker.TestDashboardAndClicksApi" name="test_clicks_endpoint_returns_rut_sourced_rows" time="0.064" /><testcase classname="tests.test_iteration13_rut_click_logging_and_force_tracker.TestDashboardAndClicksApi" name="test_clicks_response_excludes_mongo_id" time="0.049" /><testcase classname="tests.test_iteration13_rut_click_logging_and_force_tracker.TestForceTrackerUrlFlag" name="test_force_tracker_true_returns_tracker_url" time="0.184" /><testcase classname="tests.test_iteration13_rut_click_logging_and_force_tracker.TestForceTrackerUrlFlag" name="test_force_tracker_false_auto_swaps_to_offer_on_preview" time="0.106" /><testcase classname="tests.test_iteration13_rut_click_logging_and_force_tracker.TestClickLoggingIncrement" name="test_dashboard_counts_are_stable_and_nondecreasing" time="6.233" /></testsuite></testsuites>