<?xml version="1.0" encoding="utf-8"?><testsuites name="pytest tests"><testsuite name="pytest" errors="0" failures="0" skipped="1" tests="38" time="9.344" timestamp="2026-04-22T08:15:51.096903+00:00" hostname="agent-env-79f453d2-3e09-435c-ad59-31e0ea336fcc"><testcase classname="backend.tests.test_iteration2_smoke.TestHealth" name="test_health_local" time="0.024" /><testcase classname="backend.tests.test_iteration2_smoke.TestHealth" name="test_api_reachable" time="0.196" /><testcase classname="backend.tests.test_iteration2_smoke.TestAdminLogin" name="test_admin_login" time="0.062" /><testcase classname="backend.tests.test_iteration2_smoke.TestUserRegister" name="test_register" time="0.469" /><testcase classname="backend.tests.test_iteration2_smoke.TestAdminActivate" name="test_activate_user" time="0.079" /><testcase classname="backend.tests.test_iteration2_smoke.TestUserLogin" name="test_login" time="0.277" /><testcase classname="backend.tests.test_iteration2_smoke.TestLinksCRUD" name="test_create_link" time="0.056" /><testcase classname="backend.tests.test_iteration2_smoke.TestLinksCRUD" name="test_list_links" time="0.054" /><testcase classname="backend.tests.test_iteration2_smoke.TestLinksCRUD" name="test_update_link" time="0.110" /><testcase classname="backend.tests.test_iteration2_smoke.TestRedirect" name="test_redirect" time="1.732" /><testcase classname="backend.tests.test_iteration2_smoke.TestRedirect" name="test_clicks_recorded" time="0.055" /><testcase classname="backend.tests.test_iteration2_smoke.TestRedirect" name="test_dashboard_stats" time="0.059" /><testcase classname="backend.tests.test_iteration2_smoke.TestConversions" name="test_dashboard_stats_before" time="0.057" /><testcase classname="backend.tests.test_iteration2_smoke.TestConversions" name="test_postback" time="0.054" /><testcase classname="backend.tests.test_iteration2_smoke.TestConversions" name="test_conversion_in_list" time="1.062" /><testcase classname="backend.tests.test_iteration2_smoke.TestConversions" name="test_dashboard_stats_after" time="0.066" /><testcase classname="backend.tests.test_iteration2_smoke.TestConversions" name="test_pixel_endpoint" time="2.302" /><testcase classname="backend.tests.test_iteration2_smoke.TestConversions" name="test_postback_invalid_token" time="0.050" /><testcase classname="backend.tests.test_iteration2_smoke.TestProxies" name="test_create_proxies" time="0.094" /><testcase classname="backend.tests.test_iteration2_smoke.TestProxies" name="test_list_proxies" time="0.056" /><testcase classname="backend.tests.test_iteration2_smoke.TestProxies" name="test_delete_proxy" time="0.057" /><testcase classname="backend.tests.test_iteration2_smoke.TestAdminAPIs" name="test_admin_users" time="0.054" /><testcase classname="backend.tests.test_iteration2_smoke.TestAdminAPIs" name="test_admin_stats" time="0.058" /><testcase classname="backend.tests.test_iteration2_smoke.TestAdminAPIs" name="test_get_branding" time="0.051" /><testcase classname="backend.tests.test_iteration2_smoke.TestAdminAPIs" name="test_put_branding" time="0.136" /><testcase classname="backend.tests.test_iteration2_smoke.TestAdminAPIs" name="test_admin_api_settings" time="0.080" /><testcase classname="backend.tests.test_iteration2_smoke.TestSubUsers" name="test_create_sub_user" time="0.304" /><testcase classname="backend.tests.test_iteration2_smoke.TestSubUsers" name="test_list_sub_users" time="0.054" /><testcase classname="backend.tests.test_iteration2_smoke.TestSubUsers" name="test_sub_user_login_via_auth" time="0.277" /><testcase classname="backend.tests.test_iteration2_smoke.TestProfile" name="test_update_profile_name_and_password" time="0.779" /><testcase classname="backend.tests.test_iteration2_smoke.TestUtilities" name="test_referrer_stats" time="0.058" /><testcase classname="backend.tests.test_iteration2_smoke.TestUtilities" name="test_ua_generator" time="0.057" /><testcase classname="backend.tests.test_iteration2_smoke.TestUtilities" name="test_email_checker_missing" time="0.063"><skipped type="pytest.skip" message="/api/email-checker not implemented (expected per review note)">/app/backend/tests/test_iteration2_smoke.py:466: /api/email-checker not implemented (expected per review note)</skipped></testcase><testcase classname="backend.tests.test_iteration2_smoke.TestJobListEndpoints" name="test_form_filler_jobs_list" time="0.059" /><testcase classname="backend.tests.test_iteration2_smoke.TestJobListEndpoints" name="test_real_user_traffic_jobs_list" time="0.057" /><testcase classname="backend.tests.test_iteration2_smoke.TestCleanup" name="test_delete_link" time="0.063" /><testcase classname="backend.tests.test_iteration2_smoke.TestCleanup" name="test_admin_delete_user" time="0.057" /><testcase classname="backend.tests.test_iteration2_smoke.TestCleanup" name="test_restore_branding" time="0.055" /></testsuite></testsuites>