<?xml version="1.0" encoding="utf-8"?><testsuites name="pytest tests"><testsuite name="pytest" errors="0" failures="0" skipped="0" tests="17" time="2.054" timestamp="2026-04-25T13:37:02.496232+00:00" hostname="agent-env-0beb0b98-45c4-4fba-bffc-8d5935fe78ff"><testcase classname="tests.test_iteration15_rut_engine_prewarm.TestPrewarmAuthGating" name="test_unauthenticated_post_rejected" time="0.215" /><testcase classname="tests.test_iteration15_rut_engine_prewarm.TestPrewarmAuthGating" name="test_bogus_token_rejected" time="0.046" /><testcase classname="tests.test_iteration15_rut_engine_prewarm.TestPrewarmFeatureFlagGating" name="test_user_without_feature_flag_blocked" time="0.723" /><testcase classname="tests.test_iteration15_rut_engine_prewarm.TestPrewarmAlreadyReadyBranch" name="test_returns_200" time="0.134" /><testcase classname="tests.test_iteration15_rut_engine_prewarm.TestPrewarmAlreadyReadyBranch" name="test_response_shape_already_ready" time="0.050" /><testcase classname="tests.test_iteration15_rut_engine_prewarm.TestPrewarmAlreadyReadyBranch" name="test_no_browser_path_leak" time="0.045" /><testcase classname="tests.test_iteration15_rut_engine_prewarm.TestPrewarmAlreadyReadyBranch" name="test_idempotent_when_ready" time="0.093" /><testcase classname="tests.test_iteration15_rut_engine_prewarm.TestEngineStatusAfterPrewarm" name="test_status_endpoint_still_ready" time="0.091" /><testcase classname="tests.test_iteration15_rut_engine_prewarm.TestPrewarmBranchesViaHelper" name="test_missing_branch_yields_started_true" time="0.377" /><testcase classname="tests.test_iteration15_rut_engine_prewarm.TestPrewarmBranchesViaHelper" name="test_installing_branch_yields_already_installing" time="0.001" /><testcase classname="tests.test_iteration15_rut_engine_prewarm.TestPrewarmBranchesViaHelper" name="test_ready_branch_yields_already_ready" time="0.000" /><testcase classname="tests.test_iteration15_rut_engine_prewarm.TestPrewarmIdempotencyPrimitives" name="test_install_lock_is_asyncio_lock" time="0.000" /><testcase classname="tests.test_iteration15_rut_engine_prewarm.TestPrewarmIdempotencyPrimitives" name="test_install_flag_starts_false" time="0.000" /><testcase classname="tests.test_iteration15_rut_engine_prewarm.TestPrewarmIdempotencyPrimitives" name="test_status_reflects_flag_immediately" time="0.001" /><testcase classname="tests.test_iteration15_rut_engine_prewarm.TestIteration14Regression" name="test_engine_status_unauthenticated_still_blocked" time="0.044" /><testcase classname="tests.test_iteration15_rut_engine_prewarm.TestIteration14Regression" name="test_engine_status_schema_intact" time="0.046" /><testcase classname="tests.test_iteration15_rut_engine_prewarm.TestIteration14Regression" name="test_jobs_endpoint_still_works" time="0.077" /></testsuite></testsuites>