<?xml version="1.0" encoding="utf-8"?><testsuites name="pytest tests"><testsuite name="pytest" errors="0" failures="0" skipped="0" tests="23" time="2.126" timestamp="2026-04-25T13:53:12.397550+00:00" hostname="agent-env-0beb0b98-45c4-4fba-bffc-8d5935fe78ff"><testcase classname="tests.test_iteration16_os_fold_and_captcha.TestOsFoldTracker" name="test_android_ua_on_android_allowed_link_is_NOT_device_restricted" time="0.399" /><testcase classname="tests.test_iteration16_os_fold_and_captcha.TestOsFoldTracker" name="test_ios_ua_on_android_allowed_link_IS_device_restricted" time="0.240" /><testcase classname="tests.test_iteration16_os_fold_and_captcha.TestOsFoldTracker" name="test_android_ua_on_ios_allowed_link_IS_device_restricted" time="0.200" /><testcase classname="tests.test_iteration16_os_fold_and_captcha.TestOsFoldTracker" name="test_ios_ua_on_ios_allowed_link_is_NOT_device_restricted" time="0.215" /><testcase classname="tests.test_iteration16_os_fold_and_captcha.TestCaptchaDetectorTrueNegatives" name="test_cloudflare_passive_jsd_injection_is_not_captcha" time="0.000" /><testcase classname="tests.test_iteration16_os_fold_and_captcha.TestCaptchaDetectorTrueNegatives" name="test_word_captcha_in_prose_is_not_captcha" time="0.000" /><testcase classname="tests.test_iteration16_os_fold_and_captcha.TestCaptchaDetectorTrueNegatives" name="test_empty_page_is_not_captcha" time="0.000" /><testcase classname="tests.test_iteration16_os_fold_and_captcha.TestCaptchaDetectorTrueNegatives" name="test_normal_form_without_widget_is_not_captcha" time="0.000" /><testcase classname="tests.test_iteration16_os_fold_and_captcha.TestCaptchaDetectorTruePositives" name="test_cloudflare_turnstile_iframe_is_captcha" time="0.000" /><testcase classname="tests.test_iteration16_os_fold_and_captcha.TestCaptchaDetectorTruePositives" name="test_cf_turnstile_div_widget_is_captcha" time="0.000" /><testcase classname="tests.test_iteration16_os_fold_and_captcha.TestCaptchaDetectorTruePositives" name="test_g_recaptcha_div_widget_is_captcha" time="0.000" /><testcase classname="tests.test_iteration16_os_fold_and_captcha.TestCaptchaDetectorTruePositives" name="test_h_captcha_div_widget_is_captcha" time="0.000" /><testcase classname="tests.test_iteration16_os_fold_and_captcha.TestCaptchaDetectorTruePositives" name="test_recaptcha_iframe_src_is_captcha" time="0.000" /><testcase classname="tests.test_iteration16_os_fold_and_captcha.TestCaptchaDetectorTruePositives" name="test_hcaptcha_iframe_src_is_captcha" time="0.000" /><testcase classname="tests.test_iteration16_os_fold_and_captcha.TestCaptchaDetectorTruePositives" name="test_real_cf_interstitial_token_is_captcha" time="0.000" /><testcase classname="tests.test_iteration16_os_fold_and_captcha.TestCaptchaDetectorTruePositives" name="test_real_cf_managed_challenge_token_is_captcha" time="0.000" /><testcase classname="tests.test_iteration16_os_fold_and_captcha.TestCaptchaDetectorTruePositives" name="test_cf_mitigated_marker_is_captcha" time="0.000" /><testcase classname="tests.test_iteration16_os_fold_and_captcha.TestCaptchaDetectorTruePositives" name="test_recaptcha_iframe_title_is_captcha" time="0.000" /><testcase classname="tests.test_iteration16_os_fold_and_captcha.TestRegressionPriorIterations" name="test_admin_login_works" time="0.118" /><testcase classname="tests.test_iteration16_os_fold_and_captcha.TestRegressionPriorIterations" name="test_engine_status_endpoint_still_works" time="0.129" /><testcase classname="tests.test_iteration16_os_fold_and_captcha.TestRegressionPriorIterations" name="test_engine_prewarm_endpoint_still_works" time="0.129" /><testcase classname="tests.test_iteration16_os_fold_and_captcha.TestRegressionPriorIterations" name="test_real_user_traffic_jobs_endpoint_still_lists" time="0.156" /><testcase classname="tests.test_iteration16_os_fold_and_captcha.TestRegressionPriorIterations" name="test_unknown_short_code_returns_404" time="0.083" /></testsuite></testsuites>