<?xml version="1.0" encoding="utf-8"?><testsuites name="pytest tests"><testsuite name="pytest" errors="0" failures="0" skipped="0" tests="15" time="4.491" timestamp="2026-04-22T09:12:56.686478+00:00" hostname="agent-env-79f453d2-3e09-435c-ad59-31e0ea336fcc"><testcase classname="backend.tests.test_rut_iteration4.TestSetup" name="test_admin_login" time="0.293" /><testcase classname="backend.tests.test_rut_iteration4.TestSetup" name="test_register_user" time="0.454" /><testcase classname="backend.tests.test_rut_iteration4.TestSetup" name="test_activate_user_with_rut_feature" time="0.050" /><testcase classname="backend.tests.test_rut_iteration4.TestSetup" name="test_user_login" time="0.268" /><testcase classname="backend.tests.test_rut_iteration4.TestSetup" name="test_create_link" time="0.049" /><testcase classname="backend.tests.test_rut_iteration4.TestRutLifecycle" name="test_create_rut_job_with_xlsx" time="0.169" /><testcase classname="backend.tests.test_rut_iteration4.TestRutLifecycle" name="test_list_rut_jobs_contains_new_job" time="0.046" /><testcase classname="backend.tests.test_rut_iteration4.TestRutLifecycle" name="test_get_rut_job_detail" time="0.049" /><testcase classname="backend.tests.test_rut_iteration4.TestRutLifecycle" name="test_stop_rut_job" time="1.046" /><testcase classname="backend.tests.test_rut_iteration4.TestRutLifecycle" name="test_detail_after_stop" time="1.546" /><testcase classname="backend.tests.test_rut_iteration4.TestRutLifecycle" name="test_delete_rut_job" time="0.089" /><testcase classname="backend.tests.test_rut_iteration4.TestFormFillerSanity" name="test_form_filler_jobs_list" time="0.048" /><testcase classname="backend.tests.test_rut_iteration4.TestRutValidation" name="test_missing_file_returns_400" time="0.044" /><testcase classname="backend.tests.test_rut_iteration4.TestCleanup" name="test_delete_link" time="0.047" /><testcase classname="backend.tests.test_rut_iteration4.TestCleanup" name="test_admin_delete_user" time="0.048" /></testsuite></testsuites>