<?xml version="1.0" encoding="utf-8"?><testsuites name="pytest tests"><testsuite name="pytest" errors="0" failures="0" skipped="0" tests="18" time="1.980" timestamp="2026-04-25T13:37:08.914560+00:00" hostname="agent-env-0beb0b98-45c4-4fba-bffc-8d5935fe78ff"><testcase classname="tests.test_iteration14_rut_engine_status.TestAuthSanity" name="test_admin_login_returns_token" time="0.127" /><testcase classname="tests.test_iteration14_rut_engine_status.TestEngineStatusEndpoint" name="test_endpoint_returns_200" time="0.048" /><testcase classname="tests.test_iteration14_rut_engine_status.TestEngineStatusEndpoint" name="test_response_schema_has_required_keys" time="0.047" /><testcase classname="tests.test_iteration14_rut_engine_status.TestEngineStatusEndpoint" name="test_response_does_not_leak_browser_path" time="0.060" /><testcase classname="tests.test_iteration14_rut_engine_status.TestEngineStatusEndpoint" name="test_status_is_ready_currently" time="0.062" /><testcase classname="tests.test_iteration14_rut_engine_status.TestEngineStatusEndpoint" name="test_status_is_one_of_known_values" time="0.063" /><testcase classname="tests.test_iteration14_rut_engine_status.TestEngineStatusEndpoint" name="test_expected_revision_matches_browsers_json" time="0.064" /><testcase classname="tests.test_iteration14_rut_engine_status.TestEngineStatusEndpoint" name="test_message_mentions_revision" time="0.067" /><testcase classname="tests.test_iteration14_rut_engine_status.TestEngineStatusEndpoint" name="test_binary_actually_exists_on_disk" time="0.000" /><testcase classname="tests.test_iteration14_rut_engine_status.TestEngineStatusAuthGating" name="test_unauthenticated_request_rejected" time="0.064" /><testcase classname="tests.test_iteration14_rut_engine_status.TestEngineStatusAuthGating" name="test_bogus_token_rejected" time="0.046" /><testcase classname="tests.test_iteration14_rut_engine_status.TestEngineStatusFeatureFlagGating" name="test_user_without_feature_flag_blocked" time="0.701" /><testcase classname="tests.test_iteration14_rut_engine_status.TestGetEngineStatusHelper" name="test_helper_reports_ready_when_binary_present" time="0.359" /><testcase classname="tests.test_iteration14_rut_engine_status.TestGetEngineStatusHelper" name="test_helper_reports_installing_when_flag_set_and_binary_missing" time="0.000" /><testcase classname="tests.test_iteration14_rut_engine_status.TestGetEngineStatusHelper" name="test_helper_reports_missing_when_no_binary_and_no_install" time="0.000" /><testcase classname="tests.test_iteration14_rut_engine_status.TestRutRegressionExistingEndpoints" name="test_get_jobs_still_works" time="0.078" /><testcase classname="tests.test_iteration14_rut_engine_status.TestRutRegressionExistingEndpoints" name="test_get_pending_candidates_still_works" time="0.046" /><testcase classname="tests.test_iteration14_rut_engine_status.TestRutRegressionExistingEndpoints" name="test_post_jobs_validation_path_still_works" time="0.050" /></testsuite></testsuites>