<?xml version="1.0" encoding="utf-8"?><testsuites name="pytest tests"><testsuite name="pytest" errors="0" failures="0" skipped="0" tests="28" time="258.905" timestamp="2026-04-25T00:35:51.909105+00:00" hostname="agent-env-0beb0b98-45c4-4fba-bffc-8d5935fe78ff"><testcase classname="backend.tests.test_iteration11_rut_shared_browser.TestRefactorCodeInspection" name="test_shared_browser_launched_once" time="0.019" /><testcase classname="backend.tests.test_iteration11_rut_shared_browser.TestRefactorCodeInspection" name="test_process_one_uses_new_context_not_new_launch" time="0.000" /><testcase classname="backend.tests.test_iteration11_rut_shared_browser.TestRefactorCodeInspection" name="test_per_visit_finally_closes_context_only" time="0.000" /><testcase classname="backend.tests.test_iteration11_rut_shared_browser.TestRefactorCodeInspection" name="test_concurrency_capped_1_to_20" time="0.000" /><testcase classname="backend.tests.test_iteration11_rut_shared_browser.TestRefactorCodeInspection" name="test_preflight_pushlive_step_emitted" time="0.000" /><testcase classname="backend.tests.test_iteration11_rut_shared_browser.TestRegressionSmoke" name="test_uploads_endpoint_authenticated" time="1.089" /><testcase classname="backend.tests.test_iteration11_rut_shared_browser.TestRegressionSmoke" name="test_rut_jobs_list_endpoint" time="0.083" /><testcase classname="backend.tests.test_iteration11_rut_shared_browser.TestSharedBrowserEndToEnd" name="test_job_creates_and_reaches_terminal_state" time="127.587" /><testcase classname="backend.tests.test_iteration11_rut_shared_browser.TestSharedBrowserEndToEnd" name="test_stop_endpoint_transitions_running_to_stopped" time="126.281" /><testcase classname="backend.tests.test_iteration10_rut_thankyou_and_target_mode.TestIsThankYouPage" name="test_same_host_form_text_false" time="0.000" /><testcase classname="backend.tests.test_iteration10_rut_thankyou_and_target_mode.TestIsThankYouPage" name="test_different_host_thankyou_text_true" time="0.000" /><testcase classname="backend.tests.test_iteration10_rut_thankyou_and_target_mode.TestIsThankYouPage" name="test_same_host_only_text_false" time="0.000" /><testcase classname="backend.tests.test_iteration10_rut_thankyou_and_target_mode.TestIsThankYouPage" name="test_all_three_signals_true" time="0.000" /><testcase classname="backend.tests.test_iteration10_rut_thankyou_and_target_mode.TestIsThankYouPage" name="test_same_host_url_keyword_plus_text_true" time="0.000" /><testcase classname="backend.tests.test_iteration10_rut_thankyou_and_target_mode.TestIsThankYouPage" name="test_empty_page_false" time="0.000" /><testcase classname="backend.tests.test_iteration10_rut_thankyou_and_target_mode.TestIsThankYouPage" name="test_stimulus_thnkspg_flow_true" time="0.000" /><testcase classname="backend.tests.test_iteration10_rut_thankyou_and_target_mode.TestIsThankYouPage" name="test_form_negative_overrides_two_signals" time="0.000" /><testcase classname="backend.tests.test_iteration10_rut_thankyou_and_target_mode.TestLegacyHelperKept" name="test_did_reach_conversion_still_exists" time="0.000" /><testcase classname="backend.tests.test_iteration10_rut_thankyou_and_target_mode.TestRunJobSignature" name="test_run_job_has_new_kwargs" time="0.000" /><testcase classname="backend.tests.test_iteration10_rut_thankyou_and_target_mode.TestRutCreateJobValidation" name="test_invalid_target_mode_400" time="1.155" /><testcase classname="backend.tests.test_iteration10_rut_thankyou_and_target_mode.TestRutCreateJobValidation" name="test_conversions_mode_without_target_conversions_400" time="0.088" /><testcase classname="backend.tests.test_iteration10_rut_thankyou_and_target_mode.TestRutCreateJobValidation" name="test_max_attempts_less_than_target_conversions_400" time="0.097" /><testcase classname="backend.tests.test_iteration10_rut_thankyou_and_target_mode.TestRutCreateJobValidation" name="test_target_conversions_out_of_range_400" time="0.081" /><testcase classname="backend.tests.test_iteration10_rut_thankyou_and_target_mode.TestRutCreateJobValidation" name="test_clicks_mode_default_response_fields" time="0.803" /><testcase classname="backend.tests.test_iteration10_rut_thankyou_and_target_mode.TestRutCreateJobValidation" name="test_conversions_mode_job_fields_and_rut_jobs" time="1.110" /><testcase classname="backend.tests.test_iteration10_rut_thankyou_and_target_mode.TestDispatcherCodeInspection" name="test_conversions_dispatcher_present" time="0.001" /><testcase classname="backend.tests.test_iteration10_rut_thankyou_and_target_mode.TestDispatcherCodeInspection" name="test_cancel_event_in_worker_loop" time="0.000" /><testcase classname="backend.tests.test_iteration10_rut_thankyou_and_target_mode.TestDispatcherCodeInspection" name="test_rut_jobs_init_fields" time="0.000" /></testsuite></testsuites>