<?xml version="1.0" encoding="utf-8"?><testsuites name="pytest tests"><testsuite name="pytest" errors="0" failures="0" skipped="0" tests="11" time="136.484" timestamp="2026-04-25T01:01:48.220612+00:00" hostname="agent-env-0beb0b98-45c4-4fba-bffc-8d5935fe78ff"><testcase classname="tests.test_iteration12_rut_selective_upload_consume.TestConsumeUploadsCodeShape" name="test_function_signature_has_selective_kwargs" time="0.022" /><testcase classname="tests.test_iteration12_rut_selective_upload_consume.TestConsumeUploadsCodeShape" name="test_proxies_branch_uses_remaining_not_delete_many" time="0.002" /><testcase classname="tests.test_iteration12_rut_selective_upload_consume.TestConsumeUploadsCodeShape" name="test_data_file_uses_pending_leads_replace" time="0.003" /><testcase classname="tests.test_iteration12_rut_selective_upload_consume.TestConsumeUploadsCodeShape" name="test_automation_json_excluded_from_consume" time="0.002" /><testcase classname="tests.test_iteration12_rut_selective_upload_consume.TestConsumeUploadsCodeShape" name="test_real_user_traffic_writes_used_sets_on_finish" time="0.000" /><testcase classname="tests.test_iteration12_rut_selective_upload_consume.TestUploadEndpoints" name="test_upload_proxies" time="1.174" /><testcase classname="tests.test_iteration12_rut_selective_upload_consume.TestUploadEndpoints" name="test_upload_user_agents" time="0.143" /><testcase classname="tests.test_iteration12_rut_selective_upload_consume.TestUploadEndpoints" name="test_upload_data_file" time="0.298" /><testcase classname="tests.test_iteration12_rut_selective_upload_consume.TestUploadEndpoints" name="test_upload_automation_json" time="0.077" /><testcase classname="tests.test_iteration12_rut_selective_upload_consume.TestSelectiveConsumeEndToEnd" name="test_run_small_job_then_uploads_remain_with_reduced_items" time="133.834" /><testcase classname="tests.test_iteration12_rut_selective_upload_consume.TestSelectiveConsumeEndToEnd" name="test_items_actually_pruned_in_db" time="0.823" /></testsuite></testsuites>