<?xml version="1.0" encoding="utf-8"?><testsuites name="pytest tests"><testsuite name="pytest" errors="0" failures="0" skipped="0" tests="33" time="19.685" timestamp="2026-04-22T09:41:30.796636+00:00" hostname="agent-env-79f453d2-3e09-435c-ad59-31e0ea336fcc"><testcase classname="tests.test_iteration5_new_features.TestSetup" name="test_admin_login" time="0.319" /><testcase classname="tests.test_iteration5_new_features.TestSetup" name="test_register_user" time="0.472" /><testcase classname="tests.test_iteration5_new_features.TestSetup" name="test_activate_user" time="0.046" /><testcase classname="tests.test_iteration5_new_features.TestSetup" name="test_user_login" time="0.270" /><testcase classname="tests.test_iteration5_new_features.TestSetup" name="test_create_link" time="0.055" /><testcase classname="tests.test_iteration5_new_features.TestStopInMemory" name="test_create_job_for_in_memory_stop" time="0.176" /><testcase classname="tests.test_iteration5_new_features.TestStopInMemory" name="test_live_log_when_just_started" time="0.047" /><testcase classname="tests.test_iteration5_new_features.TestStopInMemory" name="test_live_log_since_cursor_returns_empty" time="0.089" /><testcase classname="tests.test_iteration5_new_features.TestStopInMemory" name="test_live_log_unknown_job_returns_404" time="0.045" /><testcase classname="tests.test_iteration5_new_features.TestStopInMemory" name="test_stop_in_memory_job_returns_200" time="0.546" /><testcase classname="tests.test_iteration5_new_features.TestStopInMemory" name="test_cleanup_live_job" time="0.046" /><testcase classname="tests.test_iteration5_new_features.TestStopDbOnlyTerminal" name="test_insert_fake_completed_job" time="0.027" /><testcase classname="tests.test_iteration5_new_features.TestStopDbOnlyTerminal" name="test_stop_returns_200_false_with_terminal_status" time="0.050" /><testcase classname="tests.test_iteration5_new_features.TestStopDbOnlyTerminal" name="test_cleanup_orphan_done" time="0.004" /><testcase classname="tests.test_iteration5_new_features.TestStopDbOnlyRunning" name="test_insert_fake_running_job" time="0.003" /><testcase classname="tests.test_iteration5_new_features.TestStopDbOnlyRunning" name="test_stop_marks_orphan_stopped" time="0.050" /><testcase classname="tests.test_iteration5_new_features.TestStopDbOnlyRunning" name="test_db_reflects_stopped" time="0.004" /><testcase classname="tests.test_iteration5_new_features.TestStopDbOnlyRunning" name="test_cleanup_orphan_run" time="0.003" /><testcase classname="tests.test_iteration5_new_features.TestStartupReaper" name="test_insert_fake_running_job_then_restart" time="16.105" /><testcase classname="tests.test_iteration5_new_features.TestStartupReaper" name="test_reaper_marked_job_stopped" time="0.003" /><testcase classname="tests.test_iteration5_new_features.TestStartupReaper" name="test_cleanup_reaper_job" time="0.003" /><testcase classname="tests.test_iteration5_new_features.TestStartupReaper" name="test_re_login_user_after_restart" time="0.334" /><testcase classname="tests.test_iteration5_new_features.TestSystemCheck" name="test_regular_user_forbidden" time="0.043" /><testcase classname="tests.test_iteration5_new_features.TestSystemCheck" name="test_unauth_forbidden" time="0.045" /><testcase classname="tests.test_iteration5_new_features.TestSystemCheck" name="test_admin_success" time="0.173" /><testcase classname="tests.test_iteration5_new_features.TestSystemCheck" name="test_required_groups_present" time="0.000" /><testcase classname="tests.test_iteration5_new_features.TestSystemCheck" name="test_required_python_deps" time="0.000" /><testcase classname="tests.test_iteration5_new_features.TestSystemCheck" name="test_chromium_ok" time="0.000" /><testcase classname="tests.test_iteration5_new_features.TestSystemCheck" name="test_database_checks" time="0.000" /><testcase classname="tests.test_iteration5_new_features.TestSystemCheck" name="test_storage_writable" time="0.000" /><testcase classname="tests.test_iteration5_new_features.TestDeviceName" name="test_device_name_from_ua_helper" time="0.311" /><testcase classname="tests.test_iteration5_new_features.TestCleanup" name="test_delete_link" time="0.050" /><testcase classname="tests.test_iteration5_new_features.TestCleanup" name="test_delete_user" time="0.047" /></testsuite></testsuites>