<?xml version="1.0" encoding="utf-8"?><testsuites name="pytest tests"><testsuite name="pytest" errors="0" failures="1" skipped="0" tests="9" time="250.582" timestamp="2026-04-25T00:28:49.747912+00:00" hostname="agent-env-0beb0b98-45c4-4fba-bffc-8d5935fe78ff"><testcase classname="backend.tests.test_iteration11_rut_shared_browser.TestRefactorCodeInspection" name="test_shared_browser_launched_once" time="0.019" /><testcase classname="backend.tests.test_iteration11_rut_shared_browser.TestRefactorCodeInspection" name="test_process_one_uses_new_context_not_new_launch" time="0.000" /><testcase classname="backend.tests.test_iteration11_rut_shared_browser.TestRefactorCodeInspection" name="test_per_visit_finally_closes_context_only" time="0.000" /><testcase classname="backend.tests.test_iteration11_rut_shared_browser.TestRefactorCodeInspection" name="test_concurrency_capped_1_to_20" time="0.000" /><testcase classname="backend.tests.test_iteration11_rut_shared_browser.TestRefactorCodeInspection" name="test_preflight_pushlive_step_emitted" time="0.000" /><testcase classname="backend.tests.test_iteration11_rut_shared_browser.TestRegressionSmoke" name="test_uploads_endpoint_authenticated" time="1.155" /><testcase classname="backend.tests.test_iteration11_rut_shared_browser.TestRegressionSmoke" name="test_rut_jobs_list_endpoint" time="0.099" /><testcase classname="backend.tests.test_iteration11_rut_shared_browser.TestSharedBrowserEndToEnd" name="test_job_creates_and_reaches_terminal_state" time="125.457" /><testcase classname="backend.tests.test_iteration11_rut_shared_browser.TestSharedBrowserEndToEnd" name="test_stop_endpoint_transitions_running_to_stopped" time="123.731"><failure message="AssertionError: stop did not reach terminal: running&#10;assert 'running' in {'completed', 'failed', 'stopped'}">backend/tests/test_iteration11_rut_shared_browser.py:307: in test_stop_endpoint_transitions_running_to_stopped
    assert status in {"stopped", "completed", "failed"}, (
E   AssertionError: stop did not reach terminal: running
E   assert 'running' in {'completed', 'failed', 'stopped'}</failure></testcase></testsuite></testsuites>