<?xml version="1.0" encoding="utf-8"?><testsuites name="pytest tests"><testsuite name="pytest" errors="0" failures="0" skipped="1" tests="38" time="9.491" timestamp="2026-04-22T09:13:04.968395+00:00" hostname="agent-env-79f453d2-3e09-435c-ad59-31e0ea336fcc"><testcase classname="backend.tests.test_iteration2_smoke.TestHealth" name="test_health_local" time="0.025" /><testcase classname="backend.tests.test_iteration2_smoke.TestHealth" name="test_api_reachable" time="0.145" /><testcase classname="backend.tests.test_iteration2_smoke.TestAdminLogin" name="test_admin_login" time="0.067" /><testcase classname="backend.tests.test_iteration2_smoke.TestUserRegister" name="test_register" time="0.452" /><testcase classname="backend.tests.test_iteration2_smoke.TestAdminActivate" name="test_activate_user" time="0.075" /><testcase classname="backend.tests.test_iteration2_smoke.TestUserLogin" name="test_login" time="0.282" /><testcase classname="backend.tests.test_iteration2_smoke.TestLinksCRUD" name="test_create_link" time="0.070" /><testcase classname="backend.tests.test_iteration2_smoke.TestLinksCRUD" name="test_list_links" time="0.064" /><testcase classname="backend.tests.test_iteration2_smoke.TestLinksCRUD" name="test_update_link" time="0.130" /><testcase classname="backend.tests.test_iteration2_smoke.TestRedirect" name="test_redirect" time="1.729" /><testcase classname="backend.tests.test_iteration2_smoke.TestRedirect" name="test_clicks_recorded" time="0.064" /><testcase classname="backend.tests.test_iteration2_smoke.TestRedirect" name="test_dashboard_stats" time="0.073" /><testcase classname="backend.tests.test_iteration2_smoke.TestConversions" name="test_dashboard_stats_before" time="0.065" /><testcase classname="backend.tests.test_iteration2_smoke.TestConversions" name="test_postback" time="0.084" /><testcase classname="backend.tests.test_iteration2_smoke.TestConversions" name="test_conversion_in_list" time="1.065" /><testcase classname="backend.tests.test_iteration2_smoke.TestConversions" name="test_dashboard_stats_after" time="0.072" /><testcase classname="backend.tests.test_iteration2_smoke.TestConversions" name="test_pixel_endpoint" time="2.330" /><testcase classname="backend.tests.test_iteration2_smoke.TestConversions" name="test_postback_invalid_token" time="0.065" /><testcase classname="backend.tests.test_iteration2_smoke.TestProxies" name="test_create_proxies" time="0.064" /><testcase classname="backend.tests.test_iteration2_smoke.TestProxies" name="test_list_proxies" time="0.068" /><testcase classname="backend.tests.test_iteration2_smoke.TestProxies" name="test_delete_proxy" time="0.060" /><testcase classname="backend.tests.test_iteration2_smoke.TestAdminAPIs" name="test_admin_users" time="0.068" /><testcase classname="backend.tests.test_iteration2_smoke.TestAdminAPIs" name="test_admin_stats" time="0.063" /><testcase classname="backend.tests.test_iteration2_smoke.TestAdminAPIs" name="test_get_branding" time="0.066" /><testcase classname="backend.tests.test_iteration2_smoke.TestAdminAPIs" name="test_put_branding" time="0.130" /><testcase classname="backend.tests.test_iteration2_smoke.TestAdminAPIs" name="test_admin_api_settings" time="0.060" /><testcase classname="backend.tests.test_iteration2_smoke.TestSubUsers" name="test_create_sub_user" time="0.295" /><testcase classname="backend.tests.test_iteration2_smoke.TestSubUsers" name="test_list_sub_users" time="0.059" /><testcase classname="backend.tests.test_iteration2_smoke.TestSubUsers" name="test_sub_user_login_via_auth" time="0.292" /><testcase classname="backend.tests.test_iteration2_smoke.TestProfile" name="test_update_profile_name_and_password" time="0.794" /><testcase classname="backend.tests.test_iteration2_smoke.TestUtilities" name="test_referrer_stats" time="0.063" /><testcase classname="backend.tests.test_iteration2_smoke.TestUtilities" name="test_ua_generator" time="0.070" /><testcase classname="backend.tests.test_iteration2_smoke.TestUtilities" name="test_email_checker_missing" time="0.059"><skipped type="pytest.skip" message="/api/email-checker not implemented (expected per review note)">/app/backend/tests/test_iteration2_smoke.py:466: /api/email-checker not implemented (expected per review note)</skipped></testcase><testcase classname="backend.tests.test_iteration2_smoke.TestJobListEndpoints" name="test_form_filler_jobs_list" time="0.068" /><testcase classname="backend.tests.test_iteration2_smoke.TestJobListEndpoints" name="test_real_user_traffic_jobs_list" time="0.062" /><testcase classname="backend.tests.test_iteration2_smoke.TestCleanup" name="test_delete_link" time="0.070" /><testcase classname="backend.tests.test_iteration2_smoke.TestCleanup" name="test_admin_delete_user" time="0.062" /><testcase classname="backend.tests.test_iteration2_smoke.TestCleanup" name="test_restore_branding" time="0.068" /></testsuite></testsuites>