<?xml version="1.0" encoding="utf-8"?><testsuites name="pytest tests"><testsuite name="pytest" errors="0" failures="0" skipped="1" tests="86" time="31.595" timestamp="2026-04-22T09:52:19.802522+00:00" hostname="agent-env-79f453d2-3e09-435c-ad59-31e0ea336fcc"><testcase classname="tests.test_iteration2_smoke.TestHealth" name="test_health_local" time="0.025" /><testcase classname="tests.test_iteration2_smoke.TestHealth" name="test_api_reachable" time="0.233" /><testcase classname="tests.test_iteration2_smoke.TestAdminLogin" name="test_admin_login" time="0.047" /><testcase classname="tests.test_iteration2_smoke.TestUserRegister" name="test_register" time="0.442" /><testcase classname="tests.test_iteration2_smoke.TestAdminActivate" name="test_activate_user" time="0.050" /><testcase classname="tests.test_iteration2_smoke.TestUserLogin" name="test_login" time="0.269" /><testcase classname="tests.test_iteration2_smoke.TestLinksCRUD" name="test_create_link" time="0.046" /><testcase classname="tests.test_iteration2_smoke.TestLinksCRUD" name="test_list_links" time="0.054" /><testcase classname="tests.test_iteration2_smoke.TestLinksCRUD" name="test_update_link" time="0.131" /><testcase classname="tests.test_iteration2_smoke.TestRedirect" name="test_redirect" time="1.708" /><testcase classname="tests.test_iteration2_smoke.TestRedirect" name="test_clicks_recorded" time="0.048" /><testcase classname="tests.test_iteration2_smoke.TestRedirect" name="test_dashboard_stats" time="0.050" /><testcase classname="tests.test_iteration2_smoke.TestConversions" name="test_dashboard_stats_before" time="0.050" /><testcase classname="tests.test_iteration2_smoke.TestConversions" name="test_postback" time="0.050" /><testcase classname="tests.test_iteration2_smoke.TestConversions" name="test_conversion_in_list" time="1.047" /><testcase classname="tests.test_iteration2_smoke.TestConversions" name="test_dashboard_stats_after" time="0.051" /><testcase classname="tests.test_iteration2_smoke.TestConversions" name="test_pixel_endpoint" time="2.280" /><testcase classname="tests.test_iteration2_smoke.TestConversions" name="test_postback_invalid_token" time="0.042" /><testcase classname="tests.test_iteration2_smoke.TestProxies" name="test_create_proxies" time="0.103" /><testcase classname="tests.test_iteration2_smoke.TestProxies" name="test_list_proxies" time="0.047" /><testcase classname="tests.test_iteration2_smoke.TestProxies" name="test_delete_proxy" time="0.045" /><testcase classname="tests.test_iteration2_smoke.TestAdminAPIs" name="test_admin_users" time="0.049" /><testcase classname="tests.test_iteration2_smoke.TestAdminAPIs" name="test_admin_stats" time="0.049" /><testcase classname="tests.test_iteration2_smoke.TestAdminAPIs" name="test_get_branding" time="0.045" /><testcase classname="tests.test_iteration2_smoke.TestAdminAPIs" name="test_put_branding" time="0.093" /><testcase classname="tests.test_iteration2_smoke.TestAdminAPIs" name="test_admin_api_settings" time="0.047" /><testcase classname="tests.test_iteration2_smoke.TestSubUsers" name="test_create_sub_user" time="0.272" /><testcase classname="tests.test_iteration2_smoke.TestSubUsers" name="test_list_sub_users" time="0.048" /><testcase classname="tests.test_iteration2_smoke.TestSubUsers" name="test_sub_user_login_via_auth" time="0.276" /><testcase classname="tests.test_iteration2_smoke.TestProfile" name="test_update_profile_name_and_password" time="0.827" /><testcase classname="tests.test_iteration2_smoke.TestUtilities" name="test_referrer_stats" time="0.049" /><testcase classname="tests.test_iteration2_smoke.TestUtilities" name="test_ua_generator" time="0.045" /><testcase classname="tests.test_iteration2_smoke.TestUtilities" name="test_email_checker_missing" time="0.046"><skipped type="pytest.skip" message="/api/email-checker not implemented (expected per review note)">/app/backend/tests/test_iteration2_smoke.py:466: /api/email-checker not implemented (expected per review note)</skipped></testcase><testcase classname="tests.test_iteration2_smoke.TestJobListEndpoints" name="test_form_filler_jobs_list" time="0.046" /><testcase classname="tests.test_iteration2_smoke.TestJobListEndpoints" name="test_real_user_traffic_jobs_list" time="0.048" /><testcase classname="tests.test_iteration2_smoke.TestCleanup" name="test_delete_link" time="0.050" /><testcase classname="tests.test_iteration2_smoke.TestCleanup" name="test_admin_delete_user" time="0.048" /><testcase classname="tests.test_iteration2_smoke.TestCleanup" name="test_restore_branding" time="0.050" /><testcase classname="tests.test_rut_iteration4.TestSetup" name="test_admin_login" time="0.153" /><testcase classname="tests.test_rut_iteration4.TestSetup" name="test_register_user" time="0.467" /><testcase classname="tests.test_rut_iteration4.TestSetup" name="test_activate_user_with_rut_feature" time="0.064" /><testcase classname="tests.test_rut_iteration4.TestSetup" name="test_user_login" time="0.286" /><testcase classname="tests.test_rut_iteration4.TestSetup" name="test_create_link" time="0.062" /><testcase classname="tests.test_rut_iteration4.TestRutLifecycle" name="test_create_rut_job_with_xlsx" time="0.138" /><testcase classname="tests.test_rut_iteration4.TestRutLifecycle" name="test_list_rut_jobs_contains_new_job" time="0.061" /><testcase classname="tests.test_rut_iteration4.TestRutLifecycle" name="test_get_rut_job_detail" time="0.064" /><testcase classname="tests.test_rut_iteration4.TestRutLifecycle" name="test_stop_rut_job" time="1.065" /><testcase classname="tests.test_rut_iteration4.TestRutLifecycle" name="test_detail_after_stop" time="1.564" /><testcase classname="tests.test_rut_iteration4.TestRutLifecycle" name="test_delete_rut_job" time="0.119" /><testcase classname="tests.test_rut_iteration4.TestFormFillerSanity" name="test_form_filler_jobs_list" time="0.061" /><testcase classname="tests.test_rut_iteration4.TestRutValidation" name="test_missing_file_returns_400" time="0.061" /><testcase classname="tests.test_rut_iteration4.TestCleanup" name="test_delete_link" time="0.061" /><testcase classname="tests.test_rut_iteration4.TestCleanup" name="test_admin_delete_user" time="0.064" /><testcase classname="tests.test_iteration5_new_features.TestSetup" name="test_admin_login" time="0.114" /><testcase classname="tests.test_iteration5_new_features.TestSetup" name="test_register_user" time="0.479" /><testcase classname="tests.test_iteration5_new_features.TestSetup" name="test_activate_user" time="0.056" /><testcase classname="tests.test_iteration5_new_features.TestSetup" name="test_user_login" time="0.279" /><testcase classname="tests.test_iteration5_new_features.TestSetup" name="test_create_link" time="0.052" /><testcase classname="tests.test_iteration5_new_features.TestStopInMemory" name="test_create_job_for_in_memory_stop" time="0.066" /><testcase classname="tests.test_iteration5_new_features.TestStopInMemory" name="test_live_log_when_just_started" time="0.057" /><testcase classname="tests.test_iteration5_new_features.TestStopInMemory" name="test_live_log_since_cursor_returns_empty" time="0.095" /><testcase classname="tests.test_iteration5_new_features.TestStopInMemory" name="test_live_log_unknown_job_returns_404" time="0.051" /><testcase classname="tests.test_iteration5_new_features.TestStopInMemory" name="test_stop_in_memory_job_returns_200" time="0.550" /><testcase classname="tests.test_iteration5_new_features.TestStopInMemory" name="test_cleanup_live_job" time="0.050" /><testcase classname="tests.test_iteration5_new_features.TestStopDbOnlyTerminal" name="test_insert_fake_completed_job" time="0.005" /><testcase classname="tests.test_iteration5_new_features.TestStopDbOnlyTerminal" name="test_stop_returns_200_false_with_terminal_status" time="0.051" /><testcase classname="tests.test_iteration5_new_features.TestStopDbOnlyTerminal" name="test_cleanup_orphan_done" time="0.004" /><testcase classname="tests.test_iteration5_new_features.TestStopDbOnlyRunning" name="test_insert_fake_running_job" time="0.003" /><testcase classname="tests.test_iteration5_new_features.TestStopDbOnlyRunning" name="test_stop_marks_orphan_stopped" time="0.050" /><testcase classname="tests.test_iteration5_new_features.TestStopDbOnlyRunning" name="test_db_reflects_stopped" time="0.004" /><testcase classname="tests.test_iteration5_new_features.TestStopDbOnlyRunning" name="test_cleanup_orphan_run" time="0.003" /><testcase classname="tests.test_iteration5_new_features.TestStartupReaper" name="test_insert_fake_running_job_then_restart" time="15.003" /><testcase classname="tests.test_iteration5_new_features.TestStartupReaper" name="test_reaper_marked_job_stopped" time="0.004" /><testcase classname="tests.test_iteration5_new_features.TestStartupReaper" name="test_cleanup_reaper_job" time="0.004" /><testcase classname="tests.test_iteration5_new_features.TestStartupReaper" name="test_re_login_user_after_restart" time="0.345" /><testcase classname="tests.test_iteration5_new_features.TestSystemCheck" name="test_regular_user_forbidden" time="0.049" /><testcase classname="tests.test_iteration5_new_features.TestSystemCheck" name="test_unauth_forbidden" time="0.047" /><testcase classname="tests.test_iteration5_new_features.TestSystemCheck" name="test_admin_success" time="0.176" /><testcase classname="tests.test_iteration5_new_features.TestSystemCheck" name="test_required_groups_present" time="0.000" /><testcase classname="tests.test_iteration5_new_features.TestSystemCheck" name="test_required_python_deps" time="0.000" /><testcase classname="tests.test_iteration5_new_features.TestSystemCheck" name="test_chromium_ok" time="0.000" /><testcase classname="tests.test_iteration5_new_features.TestSystemCheck" name="test_database_checks" time="0.000" /><testcase classname="tests.test_iteration5_new_features.TestSystemCheck" name="test_storage_writable" time="0.000" /><testcase classname="tests.test_iteration5_new_features.TestDeviceName" name="test_device_name_from_ua_helper" time="0.313" /><testcase classname="tests.test_iteration5_new_features.TestCleanup" name="test_delete_link" time="0.086" /><testcase classname="tests.test_iteration5_new_features.TestCleanup" name="test_delete_user" time="0.053" /></testsuite></testsuites>