<?xml version="1.0" encoding="utf-8"?><testsuites name="pytest tests"><testsuite name="pytest" errors="0" failures="0" skipped="0" tests="15" time="2.531" timestamp="2026-04-23T14:14:23.992081+00:00" hostname="agent-env-0beb0b98-45c4-4fba-bffc-8d5935fe78ff"><testcase classname="backend.tests.test_smoke_trackmaster.TestHealth" name="test_health_endpoint" time="0.274" /><testcase classname="backend.tests.test_smoke_trackmaster.TestAdminAuth" name="test_admin_login_success" time="0.062" /><testcase classname="backend.tests.test_smoke_trackmaster.TestAdminAuth" name="test_admin_login_bad_password" time="0.049" /><testcase classname="backend.tests.test_smoke_trackmaster.TestAdminAuth" name="test_admin_users_list" time="0.060" /><testcase classname="backend.tests.test_smoke_trackmaster.TestAdminAuth" name="test_admin_users_requires_auth" time="0.051" /><testcase classname="backend.tests.test_smoke_trackmaster.TestUserAuth" name="test_register_returns_token_and_pending_status" time="0.390" /><testcase classname="backend.tests.test_smoke_trackmaster.TestUserAuth" name="test_register_duplicate_email" time="0.056" /><testcase classname="backend.tests.test_smoke_trackmaster.TestUserAuth" name="test_login_valid" time="0.281" /><testcase classname="backend.tests.test_smoke_trackmaster.TestUserAuth" name="test_login_invalid" time="0.279" /><testcase classname="backend.tests.test_smoke_trackmaster.TestUserAuth" name="test_auth_me" time="0.052" /><testcase classname="backend.tests.test_smoke_trackmaster.TestLinks" name="test_pending_user_cannot_create_link" time="0.058" /><testcase classname="backend.tests.test_smoke_trackmaster.TestLinks" name="test_create_link" time="0.395" /><testcase classname="backend.tests.test_smoke_trackmaster.TestLinks" name="test_list_links" time="0.053" /><testcase classname="backend.tests.test_smoke_trackmaster.TestLinks" name="test_get_link_by_id" time="0.056" /><testcase classname="backend.tests.test_smoke_trackmaster.TestLinks" name="test_redirect_short_code_tracks_click" time="0.310" /></testsuite></testsuites>