<?xml version="1.0" encoding="utf-8"?><testsuites name="pytest tests"><testsuite name="pytest" errors="0" failures="0" skipped="0" tests="32" time="8.850" timestamp="2026-04-23T10:50:44.801736+00:00" hostname="agent-env-2929d10e-eafc-4fbc-9c63-9c2f87520689"><testcase classname="tests.test_iteration7_full_review.TestHealth" name="test_health_endpoint" time="0.453" /><testcase classname="tests.test_iteration7_full_review.TestHealth" name="test_debug_ip" time="0.113" /><testcase classname="tests.test_iteration7_full_review.TestAuth" name="test_admin_login_success" time="0.112" /><testcase classname="tests.test_iteration7_full_review.TestAuth" name="test_admin_login_bad_password" time="0.091" /><testcase classname="tests.test_iteration7_full_review.TestAuth" name="test_user_register_and_login" time="0.988" /><testcase classname="tests.test_iteration7_full_review.TestAuth" name="test_user_login_bad_password" time="0.850" /><testcase classname="tests.test_iteration7_full_review.TestAuth" name="test_auth_me" time="0.534" /><testcase classname="tests.test_iteration7_full_review.TestAuth" name="test_pending_user_blocked_from_feature" time="0.610" /><testcase classname="tests.test_iteration7_full_review.TestLinksAndRedirect" name="test_create_list_update_delete_link" time="2.711" /><testcase classname="tests.test_iteration7_full_review.TestLinksAndRedirect" name="test_redirect_unknown_shortcode" time="0.080" /><testcase classname="tests.test_iteration7_full_review.TestClicksAndStats" name="test_clicks_list" time="0.091" /><testcase classname="tests.test_iteration7_full_review.TestClicksAndStats" name="test_clicks_count" time="0.090" /><testcase classname="tests.test_iteration7_full_review.TestClicksAndStats" name="test_referrer_stats" time="0.092" /><testcase classname="tests.test_iteration7_full_review.TestClicksAndStats" name="test_conversions_list" time="0.084" /><testcase classname="tests.test_iteration7_full_review.TestClicksAndStats" name="test_dashboard_stats" time="0.094" /><testcase classname="tests.test_iteration7_full_review.TestClicksAndStats" name="test_sample_user_agents" time="0.116" /><testcase classname="tests.test_iteration7_full_review.TestProxies" name="test_proxies_upload_list_delete" time="0.276" /><testcase classname="tests.test_iteration7_full_review.TestAdminEndpoints" name="test_admin_users_list" time="0.084" /><testcase classname="tests.test_iteration7_full_review.TestAdminEndpoints" name="test_admin_stats" time="0.086" /><testcase classname="tests.test_iteration7_full_review.TestAdminEndpoints" name="test_branding_public" time="0.079" /><testcase classname="tests.test_iteration7_full_review.TestAdminEndpoints" name="test_admin_branding_get" time="0.086" /><testcase classname="tests.test_iteration7_full_review.TestAdminEndpoints" name="test_admin_api_settings_status" time="0.089" /><testcase classname="tests.test_iteration7_full_review.TestAdminEndpoints" name="test_admin_ua_versions" time="0.098" /><testcase classname="tests.test_iteration7_full_review.TestAdminEndpoints" name="test_admin_users_stats_all" time="0.085" /><testcase classname="tests.test_iteration7_full_review.TestAdminEndpoints" name="test_non_admin_blocked_on_admin_endpoint" time="0.082" /><testcase classname="tests.test_iteration7_full_review.TestUAAndEmail" name="test_ua_options" time="0.081" /><testcase classname="tests.test_iteration7_full_review.TestUAAndEmail" name="test_ua_generate" time="0.108" /><testcase classname="tests.test_iteration7_full_review.TestUAAndEmail" name="test_ua_check" time="0.087" /><testcase classname="tests.test_iteration7_full_review.TestAutomationEndpointsSanity" name="test_form_filler_jobs_list" time="0.103" /><testcase classname="tests.test_iteration7_full_review.TestAutomationEndpointsSanity" name="test_real_user_traffic_jobs_list" time="0.081" /><testcase classname="tests.test_iteration7_full_review.TestAutomationEndpointsSanity" name="test_form_filler_create_invalid_payload" time="0.095" /><testcase classname="tests.test_iteration7_full_review.TestAutomationEndpointsSanity" name="test_real_user_traffic_create_invalid_payload" time="0.096" /></testsuite></testsuites>