<?xml version="1.0" encoding="utf-8"?><testsuites name="pytest tests"><testsuite name="pytest" errors="0" failures="0" skipped="0" tests="11" time="4.577" timestamp="2026-04-21T11:05:25.925563+00:00" hostname="agent-env-13ffd1a6-bffe-4546-827e-d90700a636a7"><testcase classname="backend.tests.test_real_user_traffic.TestAuthAndFeatures" name="test_login_returns_feature_flag" time="0.417" /><testcase classname="backend.tests.test_real_user_traffic.TestDevices" name="test_list_devices" time="0.055" /><testcase classname="backend.tests.test_real_user_traffic.TestDevices" name="test_devices_feature_gate_403" time="0.386" /><testcase classname="backend.tests.test_real_user_traffic.TestJobValidation" name="test_empty_proxies_400" time="0.110" /><testcase classname="backend.tests.test_real_user_traffic.TestJobValidation" name="test_invalid_devices_400" time="0.054" /><testcase classname="backend.tests.test_real_user_traffic.TestJobValidation" name="test_non_owned_link_id_404" time="0.053" /><testcase classname="backend.tests.test_real_user_traffic.TestJobLifecycle" name="test_job_created" time="0.056" /><testcase classname="backend.tests.test_real_user_traffic.TestJobLifecycle" name="test_job_appears_in_list" time="0.053" /><testcase classname="backend.tests.test_real_user_traffic.TestJobLifecycle" name="test_job_progresses_to_completed" time="3.101" /><testcase classname="backend.tests.test_real_user_traffic.TestJobLifecycle" name="test_download_zip" time="0.053" /><testcase classname="backend.tests.test_real_user_traffic.TestJobLifecycle" name="test_delete_job" time="0.151" /></testsuite></testsuites>